{"/Users/jeovania/finance-mobile-app/src/assets/images/index.ts": {"path":"/Users/jeovania/finance-mobile-app/src/assets/images/index.ts","statementMap":{},"fnMap":{},"branchMap":{},"s":{},"f":{},"b":{},"hash":"53fe8bc37bef030bec961ac39816f3bbeb39d796"}
,"/Users/jeovania/finance-mobile-app/src/components/index.ts": {"path":"/Users/jeovania/finance-mobile-app/src/components/index.ts","statementMap":{},"fnMap":{},"branchMap":{},"s":{},"f":{},"b":{},"hash":"28429e967736813f2aac10236f785dde10d3a5da"}
,"/Users/jeovania/finance-mobile-app/src/components/Avatar/index.tsx": {"path":"/Users/jeovania/finance-mobile-app/src/components/Avatar/index.tsx","statementMap":{},"fnMap":{},"branchMap":{},"s":{},"f":{},"b":{},"hash":"bc14a8d1cb18bdaec788ec13d293e1ff31abbb63"}
,"/Users/jeovania/finance-mobile-app/src/components/Avatar/styles.ts": {"path":"/Users/jeovania/finance-mobile-app/src/components/Avatar/styles.ts","statementMap":{},"fnMap":{},"branchMap":{},"s":{},"f":{},"b":{},"hash":"89c03ed4395c98fabefbe4ff179a2a4023029bb8"}
,"/Users/jeovania/finance-mobile-app/src/components/AvatarGroup/index.tsx": {"path":"/Users/jeovania/finance-mobile-app/src/components/AvatarGroup/index.tsx","statementMap":{},"fnMap":{},"branchMap":{},"s":{},"f":{},"b":{},"hash":"9909e8f2a2200e0e90a7af53b4b7d6948511374e"}
,"/Users/jeovania/finance-mobile-app/src/components/AvatarGroup/styles.ts": {"path":"/Users/jeovania/finance-mobile-app/src/components/AvatarGroup/styles.ts","statementMap":{},"fnMap":{},"branchMap":{},"s":{},"f":{},"b":{},"hash":"7c4f5fc9379a1664ae57037788fa311e8e94f920"}
,"/Users/jeovania/finance-mobile-app/src/components/Button/index.tsx": {"path":"/Users/jeovania/finance-mobile-app/src/components/Button/index.tsx","statementMap":{},"fnMap":{},"branchMap":{},"s":{},"f":{},"b":{},"hash":"ffee7f3a2b15b128a4f7e8550352551f125e2437"}
,"/Users/jeovania/finance-mobile-app/src/components/Button/styles.ts": {"path":"/Users/jeovania/finance-mobile-app/src/components/Button/styles.ts","statementMap":{},"fnMap":{},"branchMap":{},"s":{},"f":{},"b":{},"hash":"2354c62c1b2f9a52338fbd558aaf10347d4e9cd7"}
,"/Users/jeovania/finance-mobile-app/src/components/CategoryCard/index.tsx": {"path":"/Users/jeovania/finance-mobile-app/src/components/CategoryCard/index.tsx","statementMap":{},"fnMap":{},"branchMap":{},"s":{},"f":{},"b":{},"hash":"961e2c1ae6960c103330d6acce52dfe875928124"}
,"/Users/jeovania/finance-mobile-app/src/components/CategoryCard/styles.ts": {"path":"/Users/jeovania/finance-mobile-app/src/components/CategoryCard/styles.ts","statementMap":{},"fnMap":{},"branchMap":{},"s":{},"f":{},"b":{},"hash":"c2538fc91b53e4985854a0ea783cbf3f13e28f3b"}
,"/Users/jeovania/finance-mobile-app/src/components/Container/index.tsx": {"path":"/Users/jeovania/finance-mobile-app/src/components/Container/index.tsx","statementMap":{},"fnMap":{},"branchMap":{},"s":{},"f":{},"b":{},"hash":"bfb95ac5be4c8ca4c30c29dde624a7a1fccb93a9"}
,"/Users/jeovania/finance-mobile-app/src/components/Container/styles.ts": {"path":"/Users/jeovania/finance-mobile-app/src/components/Container/styles.ts","statementMap":{},"fnMap":{},"branchMap":{},"s":{},"f":{},"b":{},"hash":"f6c24746a996750546c0603e6c0416bbef2c66a4"}
,"/Users/jeovania/finance-mobile-app/src/components/CreditCard/index.tsx": {"path":"/Users/jeovania/finance-mobile-app/src/components/CreditCard/index.tsx","statementMap":{},"fnMap":{},"branchMap":{},"s":{},"f":{},"b":{},"hash":"978ac241db00616ce07a2570a0c5c1212ae5c24c"}
,"/Users/jeovania/finance-mobile-app/src/components/CreditCard/styles.ts": {"path":"/Users/jeovania/finance-mobile-app/src/components/CreditCard/styles.ts","statementMap":{},"fnMap":{},"branchMap":{},"s":{},"f":{},"b":{},"hash":"9a11fe2527deb1dcf89f8ddb1ed06cb1c7f84e5c"}
,"/Users/jeovania/finance-mobile-app/src/components/Icon/index.tsx": {"path":"/Users/jeovania/finance-mobile-app/src/components/Icon/index.tsx","statementMap":{},"fnMap":{},"branchMap":{},"s":{},"f":{},"b":{},"hash":"0e4829fc879badda2a9715327e09f9fe00ca1637"}
,"/Users/jeovania/finance-mobile-app/src/components/Icon/styles.ts": {"path":"/Users/jeovania/finance-mobile-app/src/components/Icon/styles.ts","statementMap":{},"fnMap":{},"branchMap":{},"s":{},"f":{},"b":{},"hash":"8d80691280b7cc8fec05f9dcb1cc66e62c38b1ab"}
,"/Users/jeovania/finance-mobile-app/src/components/IconButton/index.tsx": {"path":"/Users/jeovania/finance-mobile-app/src/components/IconButton/index.tsx","statementMap":{},"fnMap":{},"branchMap":{},"s":{},"f":{},"b":{},"hash":"25f07a4d66733080c557bb12707be3e9234ab438"}
,"/Users/jeovania/finance-mobile-app/src/components/IconButton/styles.ts": {"path":"/Users/jeovania/finance-mobile-app/src/components/IconButton/styles.ts","statementMap":{},"fnMap":{},"branchMap":{},"s":{},"f":{},"b":{},"hash":"e3214a37ca33c6321aa932a89a689797549423ff"}
,"/Users/jeovania/finance-mobile-app/src/components/Text/index.tsx": {"path":"/Users/jeovania/finance-mobile-app/src/components/Text/index.tsx","statementMap":{},"fnMap":{},"branchMap":{},"s":{},"f":{},"b":{},"hash":"fce776a6abffefb5516783691a6dadff42a53e49"}
,"/Users/jeovania/finance-mobile-app/src/components/Text/styles.ts": {"path":"/Users/jeovania/finance-mobile-app/src/components/Text/styles.ts","statementMap":{},"fnMap":{},"branchMap":{},"s":{},"f":{},"b":{},"hash":"f856f46e450d4a43f25458f838d6899b6ef8693b"}
,"/Users/jeovania/finance-mobile-app/src/routes/index.tsx": {"path":"/Users/jeovania/finance-mobile-app/src/routes/index.tsx","statementMap":{"0":{"start":{"line":10,"column":14},"end":{"line":10,"column":52}},"1":{"start":{"line":13,"column":2},"end":{"line":21,"column":3}}},"fnMap":{"0":{"name":"Routes","decl":{"start":{"line":12,"column":9},"end":{"line":12,"column":15}},"loc":{"start":{"line":12,"column":18},"end":{"line":22,"column":1}},"line":12}},"branchMap":{},"s":{"0":0,"1":0},"f":{"0":0},"b":{},"hash":"33c000bf12cc4ba48e0e9fd1617fec83e0d4a5ab"}
,"/Users/jeovania/finance-mobile-app/src/screens/Home/index.tsx": {"path":"/Users/jeovania/finance-mobile-app/src/screens/Home/index.tsx","statementMap":{"0":{"start":{"line":6,"column":30},"end":{"line":10,"column":1}},"1":{"start":{"line":7,"column":16},"end":{"line":7,"column":50}},"2":{"start":{"line":9,"column":2},"end":{"line":9,"column":26}}},"fnMap":{"0":{"name":"(anonymous_0)","decl":{"start":{"line":6,"column":30},"end":{"line":6,"column":31}},"loc":{"start":{"line":6,"column":57},"end":{"line":10,"column":1}},"line":6}},"branchMap":{},"s":{"0":0,"1":0,"2":0},"f":{"0":0},"b":{},"hash":"e7dc1e44bb0e1010999c66bfe777643c6f219617"}
,"/Users/jeovania/finance-mobile-app/src/screens/MyCards/index.tsx": {"path":"/Users/jeovania/finance-mobile-app/src/screens/MyCards/index.tsx","statementMap":{"0":{"start":{"line":6,"column":33},"end":{"line":10,"column":1}},"1":{"start":{"line":7,"column":16},"end":{"line":7,"column":54}},"2":{"start":{"line":9,"column":2},"end":{"line":9,"column":30}}},"fnMap":{"0":{"name":"(anonymous_0)","decl":{"start":{"line":6,"column":33},"end":{"line":6,"column":34}},"loc":{"start":{"line":6,"column":60},"end":{"line":10,"column":1}},"line":6}},"branchMap":{},"s":{"0":0,"1":0,"2":0},"f":{"0":0},"b":{},"hash":"cfdc54bad088e4fafc2974df8657b57ae2cb1143"}
,"/Users/jeovania/finance-mobile-app/src/screens/SendMoney/index.tsx": {"path":"/Users/jeovania/finance-mobile-app/src/screens/SendMoney/index.tsx","statementMap":{"0":{"start":{"line":6,"column":35},"end":{"line":10,"column":1}},"1":{"start":{"line":7,"column":16},"end":{"line":7,"column":56}},"2":{"start":{"line":9,"column":2},"end":{"line":9,"column":32}}},"fnMap":{"0":{"name":"(anonymous_0)","decl":{"start":{"line":6,"column":35},"end":{"line":6,"column":36}},"loc":{"start":{"line":6,"column":62},"end":{"line":10,"column":1}},"line":6}},"branchMap":{},"s":{"0":0,"1":0,"2":0},"f":{"0":0},"b":{},"hash":"45f92039a460fe7dce86a0745ae409df34ace10b"}
}
